<?xml version="1.0" encoding="UTF-8"?>
<!-- Generated by org.testng.reporters.JUnitReportReporter -->
<testsuite hostname="LPDEV01" failures="0" tests="10" name="mainPackage.RunnerClass" time="458.269" errors="0" timestamp="2024-03-12T18:38:13 IST" skipped="0">
  <testcase classname="mainPackage.RunnerClass" name="testMethod" time="45.964"/>
  <system-out/>
  <testcase classname="mainPackage.RunnerClass" name="testMethod" time="50.021"/>
  <system-out/>
  <testcase classname="mainPackage.RunnerClass" name="testMethod" time="47.027"/>
  <system-out/>
  <testcase classname="mainPackage.RunnerClass" name="testMethod" time="49.782"/>
  <system-out/>
  <testcase classname="mainPackage.RunnerClass" name="testMethod" time="41.957"/>
  <system-out/>
  <testcase classname="mainPackage.RunnerClass" name="testMethod" time="42.541"/>
  <system-out/>
  <testcase classname="mainPackage.RunnerClass" name="testMethod" time="42.008"/>
  <system-out/>
  <testcase classname="mainPackage.RunnerClass" name="testMethod" time="43.452"/>
  <system-out/>
  <testcase classname="mainPackage.RunnerClass" name="testMethod" time="54.541"/>
  <system-out/>
  <testcase classname="mainPackage.RunnerClass" name="testMethod" time="40.976"/>
  <system-out/>
</testsuite> <!-- mainPackage.RunnerClass -->
