<?xml version="1.0" encoding="UTF-8"?>
<!-- Generated by org.testng.reporters.JUnitReportReporter -->
<testsuite hostname="LPDEV01" failures="0" tests="41" name="mainPackage.RunnerClass" time="2251.710" errors="0" timestamp="2024-03-20T22:18:16 IST" skipped="0">
  <testcase classname="mainPackage.RunnerClass" name="testMethod" time="53.228"/>
  <system-out/>
  <testcase classname="mainPackage.RunnerClass" name="testMethod" time="50.826"/>
  <system-out/>
  <testcase classname="mainPackage.RunnerClass" name="testMethod" time="51.574"/>
  <system-out/>
  <testcase classname="mainPackage.RunnerClass" name="testMethod" time="51.134"/>
  <system-out/>
  <testcase classname="mainPackage.RunnerClass" name="testMethod" time="52.445"/>
  <system-out/>
  <testcase classname="mainPackage.RunnerClass" name="testMethod" time="55.346"/>
  <system-out/>
  <testcase classname="mainPackage.RunnerClass" name="testMethod" time="53.814"/>
  <system-out/>
  <testcase classname="mainPackage.RunnerClass" name="testMethod" time="54.631"/>
  <system-out/>
  <testcase classname="mainPackage.RunnerClass" name="testMethod" time="47.831"/>
  <system-out/>
  <testcase classname="mainPackage.RunnerClass" name="testMethod" time="52.136"/>
  <system-out/>
  <testcase classname="mainPackage.RunnerClass" name="testMethod" time="53.726"/>
  <system-out/>
  <testcase classname="mainPackage.RunnerClass" name="testMethod" time="63.988"/>
  <system-out/>
  <testcase classname="mainPackage.RunnerClass" name="testMethod" time="64.546"/>
  <system-out/>
  <testcase classname="mainPackage.RunnerClass" name="testMethod" time="50.363"/>
  <system-out/>
  <testcase classname="mainPackage.RunnerClass" name="testMethod" time="52.881"/>
  <system-out/>
  <testcase classname="mainPackage.RunnerClass" name="testMethod" time="57.568"/>
  <system-out/>
  <testcase classname="mainPackage.RunnerClass" name="testMethod" time="54.459"/>
  <system-out/>
  <testcase classname="mainPackage.RunnerClass" name="testMethod" time="50.314"/>
  <system-out/>
  <testcase classname="mainPackage.RunnerClass" name="testMethod" time="59.083"/>
  <system-out/>
  <testcase classname="mainPackage.RunnerClass" name="testMethod" time="52.990"/>
  <system-out/>
  <testcase classname="mainPackage.RunnerClass" name="testMethod" time="58.829"/>
  <system-out/>
  <testcase classname="mainPackage.RunnerClass" name="testMethod" time="58.525"/>
  <system-out/>
  <testcase classname="mainPackage.RunnerClass" name="testMethod" time="52.192"/>
  <system-out/>
  <testcase classname="mainPackage.RunnerClass" name="testMethod" time="56.214"/>
  <system-out/>
  <testcase classname="mainPackage.RunnerClass" name="testMethod" time="60.825"/>
  <system-out/>
  <testcase classname="mainPackage.RunnerClass" name="testMethod" time="53.810"/>
  <system-out/>
  <testcase classname="mainPackage.RunnerClass" name="testMethod" time="71.079"/>
  <system-out/>
  <testcase classname="mainPackage.RunnerClass" name="testMethod" time="57.023"/>
  <system-out/>
  <testcase classname="mainPackage.RunnerClass" name="testMethod" time="54.329"/>
  <system-out/>
  <testcase classname="mainPackage.RunnerClass" name="testMethod" time="57.835"/>
  <system-out/>
  <testcase classname="mainPackage.RunnerClass" name="testMethod" time="53.036"/>
  <system-out/>
  <testcase classname="mainPackage.RunnerClass" name="testMethod" time="56.198"/>
  <system-out/>
  <testcase classname="mainPackage.RunnerClass" name="testMethod" time="54.488"/>
  <system-out/>
  <testcase classname="mainPackage.RunnerClass" name="testMethod" time="53.849"/>
  <system-out/>
  <testcase classname="mainPackage.RunnerClass" name="testMethod" time="52.819"/>
  <system-out/>
  <testcase classname="mainPackage.RunnerClass" name="testMethod" time="52.945"/>
  <system-out/>
  <testcase classname="mainPackage.RunnerClass" name="testMethod" time="53.910"/>
  <system-out/>
  <testcase classname="mainPackage.RunnerClass" name="testMethod" time="51.390"/>
  <system-out/>
  <testcase classname="mainPackage.RunnerClass" name="testMethod" time="50.449"/>
  <system-out/>
  <testcase classname="mainPackage.RunnerClass" name="testMethod" time="53.678"/>
  <system-out/>
  <testcase classname="mainPackage.RunnerClass" name="testMethod" time="55.404"/>
  <system-out/>
</testsuite> <!-- mainPackage.RunnerClass -->
