<?xml version="1.0" encoding="UTF-8"?>
<!-- Generated by org.testng.reporters.JUnitReportReporter -->
<testsuite hostname="LPDEV01" failures="0" tests="6" name="mainPackage.RunnerClass" time="358.031" errors="0" timestamp="2024-05-03T16:52:32 IST" skipped="0">
  <testcase classname="mainPackage.RunnerClass" name="testMethod" time="58.422"/>
  <system-out/>
  <testcase classname="mainPackage.RunnerClass" name="testMethod" time="58.347"/>
  <system-out/>
  <testcase classname="mainPackage.RunnerClass" name="testMethod" time="60.820"/>
  <system-out/>
  <testcase classname="mainPackage.RunnerClass" name="testMethod" time="58.052"/>
  <system-out/>
  <testcase classname="mainPackage.RunnerClass" name="testMethod" time="62.902"/>
  <system-out/>
  <testcase classname="mainPackage.RunnerClass" name="testMethod" time="59.488"/>
  <system-out/>
</testsuite> <!-- mainPackage.RunnerClass -->
