<?xml version="1.0" encoding="UTF-8"?>
<!-- Generated by org.testng.reporters.JUnitReportReporter -->
<testsuite hostname="LPDEV01" failures="0" tests="1" name="mainPackage.RunnerClass" time="2730.026" errors="0" timestamp="2024-04-17T17:52:17 IST" skipped="0">
  <testcase classname="mainPackage.RunnerClass" name="testMethod" time="2730.026"/>
  <system-out/>
</testsuite> <!-- mainPackage.RunnerClass -->
