<?xml version="1.0" encoding="UTF-8"?>
<!-- Generated by org.testng.reporters.JUnitReportReporter -->
<testsuite hostname="LPDEV01" failures="0" tests="12" name="mainPackage.RunnerClass" time="715.007" errors="0" timestamp="2024-05-31T12:57:43 IST" skipped="0">
  <testcase classname="mainPackage.RunnerClass" name="testMethod" time="64.022"/>
  <system-out/>
  <testcase classname="mainPackage.RunnerClass" name="testMethod" time="62.816"/>
  <system-out/>
  <testcase classname="mainPackage.RunnerClass" name="testMethod" time="64.560"/>
  <system-out/>
  <testcase classname="mainPackage.RunnerClass" name="testMethod" time="59.218"/>
  <system-out/>
  <testcase classname="mainPackage.RunnerClass" name="testMethod" time="70.527"/>
  <system-out/>
  <testcase classname="mainPackage.RunnerClass" name="testMethod" time="57.806"/>
  <system-out/>
  <testcase classname="mainPackage.RunnerClass" name="testMethod" time="63.753"/>
  <system-out/>
  <testcase classname="mainPackage.RunnerClass" name="testMethod" time="58.752"/>
  <system-out/>
  <testcase classname="mainPackage.RunnerClass" name="testMethod" time="56.551"/>
  <system-out/>
  <testcase classname="mainPackage.RunnerClass" name="testMethod" time="55.503"/>
  <system-out/>
  <testcase classname="mainPackage.RunnerClass" name="testMethod" time="71.357"/>
  <system-out/>
  <testcase classname="mainPackage.RunnerClass" name="testMethod" time="30.142"/>
  <system-out/>
</testsuite> <!-- mainPackage.RunnerClass -->
