<?xml version="1.0" encoding="UTF-8"?>
<!-- Generated by org.testng.reporters.JUnitReportReporter -->
<testsuite hostname="LPDEV01" failures="0" tests="10" name="mainPackage.RunnerClass" time="423.429" errors="0" timestamp="2024-03-20T11:26:00 IST" skipped="0">
  <testcase classname="mainPackage.RunnerClass" name="testMethod" time="43.678"/>
  <system-out/>
  <testcase classname="mainPackage.RunnerClass" name="testMethod" time="39.905"/>
  <system-out/>
  <testcase classname="mainPackage.RunnerClass" name="testMethod" time="41.460"/>
  <system-out/>
  <testcase classname="mainPackage.RunnerClass" name="testMethod" time="40.231"/>
  <system-out/>
  <testcase classname="mainPackage.RunnerClass" name="testMethod" time="44.967"/>
  <system-out/>
  <testcase classname="mainPackage.RunnerClass" name="testMethod" time="42.835"/>
  <system-out/>
  <testcase classname="mainPackage.RunnerClass" name="testMethod" time="42.079"/>
  <system-out/>
  <testcase classname="mainPackage.RunnerClass" name="testMethod" time="43.012"/>
  <system-out/>
  <testcase classname="mainPackage.RunnerClass" name="testMethod" time="41.178"/>
  <system-out/>
  <testcase classname="mainPackage.RunnerClass" name="testMethod" time="44.084"/>
  <system-out/>
</testsuite> <!-- mainPackage.RunnerClass -->
