<?xml version="1.0" encoding="UTF-8"?>
<!-- Generated by org.testng.reporters.JUnitReportReporter -->
<testsuite hostname="LPDEV01" failures="0" tests="50" name="mainPackage.RunnerClass" time="2362.837" errors="0" timestamp="2024-03-12T15:38:48 IST" skipped="0">
  <testcase classname="mainPackage.RunnerClass" name="testMethod" time="46.772"/>
  <system-out/>
  <testcase classname="mainPackage.RunnerClass" name="testMethod" time="49.506"/>
  <system-out/>
  <testcase classname="mainPackage.RunnerClass" name="testMethod" time="45.290"/>
  <system-out/>
  <testcase classname="mainPackage.RunnerClass" name="testMethod" time="51.670"/>
  <system-out/>
  <testcase classname="mainPackage.RunnerClass" name="testMethod" time="44.020"/>
  <system-out/>
  <testcase classname="mainPackage.RunnerClass" name="testMethod" time="47.208"/>
  <system-out/>
  <testcase classname="mainPackage.RunnerClass" name="testMethod" time="47.181"/>
  <system-out/>
  <testcase classname="mainPackage.RunnerClass" name="testMethod" time="48.842"/>
  <system-out/>
  <testcase classname="mainPackage.RunnerClass" name="testMethod" time="44.261"/>
  <system-out/>
  <testcase classname="mainPackage.RunnerClass" name="testMethod" time="48.054"/>
  <system-out/>
  <testcase classname="mainPackage.RunnerClass" name="testMethod" time="52.535"/>
  <system-out/>
  <testcase classname="mainPackage.RunnerClass" name="testMethod" time="47.609"/>
  <system-out/>
  <testcase classname="mainPackage.RunnerClass" name="testMethod" time="51.718"/>
  <system-out/>
  <testcase classname="mainPackage.RunnerClass" name="testMethod" time="45.857"/>
  <system-out/>
  <testcase classname="mainPackage.RunnerClass" name="testMethod" time="48.416"/>
  <system-out/>
  <testcase classname="mainPackage.RunnerClass" name="testMethod" time="46.695"/>
  <system-out/>
  <testcase classname="mainPackage.RunnerClass" name="testMethod" time="44.286"/>
  <system-out/>
  <testcase classname="mainPackage.RunnerClass" name="testMethod" time="46.122"/>
  <system-out/>
  <testcase classname="mainPackage.RunnerClass" name="testMethod" time="51.174"/>
  <system-out/>
  <testcase classname="mainPackage.RunnerClass" name="testMethod" time="42.793"/>
  <system-out/>
  <testcase classname="mainPackage.RunnerClass" name="testMethod" time="46.548"/>
  <system-out/>
  <testcase classname="mainPackage.RunnerClass" name="testMethod" time="47.781"/>
  <system-out/>
  <testcase classname="mainPackage.RunnerClass" name="testMethod" time="50.280"/>
  <system-out/>
  <testcase classname="mainPackage.RunnerClass" name="testMethod" time="46.058"/>
  <system-out/>
  <testcase classname="mainPackage.RunnerClass" name="testMethod" time="50.115"/>
  <system-out/>
  <testcase classname="mainPackage.RunnerClass" name="testMethod" time="47.818"/>
  <system-out/>
  <testcase classname="mainPackage.RunnerClass" name="testMethod" time="45.970"/>
  <system-out/>
  <testcase classname="mainPackage.RunnerClass" name="testMethod" time="48.054"/>
  <system-out/>
  <testcase classname="mainPackage.RunnerClass" name="testMethod" time="47.350"/>
  <system-out/>
  <testcase classname="mainPackage.RunnerClass" name="testMethod" time="47.122"/>
  <system-out/>
  <testcase classname="mainPackage.RunnerClass" name="testMethod" time="47.239"/>
  <system-out/>
  <testcase classname="mainPackage.RunnerClass" name="testMethod" time="47.663"/>
  <system-out/>
  <testcase classname="mainPackage.RunnerClass" name="testMethod" time="46.172"/>
  <system-out/>
  <testcase classname="mainPackage.RunnerClass" name="testMethod" time="47.360"/>
  <system-out/>
  <testcase classname="mainPackage.RunnerClass" name="testMethod" time="43.252"/>
  <system-out/>
  <testcase classname="mainPackage.RunnerClass" name="testMethod" time="51.772"/>
  <system-out/>
  <testcase classname="mainPackage.RunnerClass" name="testMethod" time="46.745"/>
  <system-out/>
  <testcase classname="mainPackage.RunnerClass" name="testMethod" time="45.344"/>
  <system-out/>
  <testcase classname="mainPackage.RunnerClass" name="testMethod" time="44.413"/>
  <system-out/>
  <testcase classname="mainPackage.RunnerClass" name="testMethod" time="48.650"/>
  <system-out/>
  <testcase classname="mainPackage.RunnerClass" name="testMethod" time="47.365"/>
  <system-out/>
  <testcase classname="mainPackage.RunnerClass" name="testMethod" time="46.188"/>
  <system-out/>
  <testcase classname="mainPackage.RunnerClass" name="testMethod" time="45.342"/>
  <system-out/>
  <testcase classname="mainPackage.RunnerClass" name="testMethod" time="47.055"/>
  <system-out/>
  <testcase classname="mainPackage.RunnerClass" name="testMethod" time="50.585"/>
  <system-out/>
  <testcase classname="mainPackage.RunnerClass" name="testMethod" time="48.562"/>
  <system-out/>
  <testcase classname="mainPackage.RunnerClass" name="testMethod" time="46.557"/>
  <system-out/>
  <testcase classname="mainPackage.RunnerClass" name="testMethod" time="43.632"/>
  <system-out/>
  <testcase classname="mainPackage.RunnerClass" name="testMethod" time="47.870"/>
  <system-out/>
  <testcase classname="mainPackage.RunnerClass" name="testMethod" time="43.966"/>
  <system-out/>
</testsuite> <!-- mainPackage.RunnerClass -->
